-------------------------------------------------------------------------------
Test set: com.ensah.GsNotesAppBootApplicationTests
-------------------------------------------------------------------------------
Tests run: 1, Failures: 0, Errors: 1, Skipped: 0, Time elapsed: 0.42 s <<< FAILURE! - in com.ensah.GsNotesAppBootApplicationTests
com.ensah.GsNotesAppBootApplicationTests  Time elapsed: 0.418 s  <<< ERROR!
java.lang.IllegalStateException: Unable to find a @SpringBootConfiguration, you need to use @ContextConfiguration or @SpringBootTest(classes=...) with your test

